[00:00:24] [Server thread/INFO]: [Not Secure] <Donosom_> si llega la mañei vamo al cielo
[00:00:32] [Server thread/INFO]: [Not Secure] <criszz1> douuuu
[00:01:36] [Server thread/INFO]: [Donosom_: Teleported Donosom_ to -7.500000, 84.500000, 7.500000]
[00:03:44] [Server thread/INFO]: Donosom_ fell from a high place
[00:03:46] [Server thread/INFO]: [Not Secure] <Donosom_> ai
[00:03:49] [Server thread/INFO]: [Not Secure] <criszz1> xd
[00:04:15] [Server thread/INFO]: [Not Secure] <Donosom_> wa a comer xhabal
[00:04:19] [Server thread/INFO]: [Not Secure] <criszz1> yo iwal
[00:04:24] [Server thread/INFO]: [Not Secure] <criszz1> mw quedo afk
[00:04:24] [Server thread/INFO]: [Not Secure] <Donosom_> wena
[00:04:33] [Server thread/INFO]: [Not Secure] <Donosom_> lo dejo abierto?
[00:04:35] [Server thread/INFO]: [Not Secure] <criszz1> ci
[00:04:38] [Server thread/INFO]: [Not Secure] <Donosom_> ueno
[00:05:24] [Server thread/WARN]: Can't keep up! Is the server overloaded? Running 2206ms or 44 ticks behind
[00:06:37] [Server thread/INFO]: [Not Secure] <Donosom_> afk
[00:06:44] [Server thread/INFO]: [Not Secure] <criszz1> okei
[00:11:35] [Server thread/INFO]: mayugu[/100.74.135.126:64694] logged in with entity id 16146 at (239.31264417192662, 65.5, 111.08682365495132)
[00:11:35] [Server thread/INFO]: Sending server config values to client
[00:11:35] [Server thread/INFO]: mayugu joined the game
[00:11:36] [Server thread/INFO]: Receiving client config
[00:11:41] [Server thread/INFO]: [Not Secure] <criszz1> k fai
[00:11:48] [Server thread/INFO]: [Not Secure] <mayugu> ola chat
[00:11:55] [Server thread/INFO]: [Not Secure] <criszz1> ta efk el amaro
[00:15:37] [Server thread/INFO]: [Not Secure] <criszz1> me voy a comer
[00:15:45] [Server thread/INFO]: [Not Secure] <criszz1> vuelvo en media hora
[00:24:23] [Server thread/INFO]: [Not Secure] <criszz1> volvi
[00:25:33] [Server thread/INFO]: mayugu has made the advancement [We Need to Go Deeper]
[00:29:39] [Server thread/INFO]: mayugu fell from a high place
[00:29:43] [Server thread/INFO]: [Not Secure] <criszz1> xd
[00:29:47] [Server thread/INFO]: [Not Secure] <criszz1> otra ma
[00:29:51] [Server thread/INFO]: [Not Secure] <mayugu> 30 niveles ctm
[00:30:04] [Server thread/INFO]: [Not Secure] <criszz1> hay una wea pa guardar niveles
[00:32:30] [Server thread/INFO]: mayugu was slain by Piglin
[00:32:39] [Server thread/INFO]: [Not Secure] <mayugu> pero weom
[00:32:49] [Server thread/INFO]: [Not Secure] <criszz1> :"v
[00:36:50] [Server thread/INFO]: mayugu was shot by Piglin
[00:37:02] [Server thread/INFO]: mayugu lost connection: Disconnected
[00:37:02] [Server thread/INFO]: mayugu left the game
[00:37:05] [Server thread/INFO]: [Not Secure] <criszz1> xdddd
[00:37:15] [Server thread/INFO]: mayugu[/100.74.135.126:52846] logged in with entity id 25898 at (225.5, 63.0, 114.5)
[00:37:15] [Server thread/INFO]: Sending server config values to client
[00:37:15] [Server thread/INFO]: mayugu joined the game
[00:37:15] [Server thread/INFO]: Receiving client config
[00:37:20] [Server thread/INFO]: [Not Secure] <criszz1> kkkkkk
[00:42:37] [Server thread/INFO]: mayugu lost connection: Disconnected
[00:42:37] [Server thread/INFO]: mayugu left the game
[00:51:20] [Server thread/INFO]: [Not Secure] <Donosom_> q fais
[00:51:26] [Server thread/INFO]: [Not Secure] <criszz1> ola
[00:51:32] [Server thread/INFO]: [Not Secure] <Donosom_> que le paso a la mai
[00:51:34] [Server thread/INFO]: [Not Secure] <criszz1> la mai se picó parece sjsjsj
[00:51:38] [Server thread/INFO]: [Not Secure] <Donosom_> dsakjdklas
[00:51:46] [Server thread/INFO]: [Not Secure] <criszz1> se murio como 3 veces en el nether y quitrageo
[00:51:59] [Server thread/INFO]: [Not Secure] <Donosom_> KLSADÑASD
[00:56:30] [Server thread/INFO]: Donosom_ has made the advancement [Best Friends Forever]
[01:15:46] [Server thread/INFO]: [Donosom_: Teleported Donosom_ to 17.500000, 122.500000, -14.500000]
[01:19:46] [Server thread/INFO]: Donosom_ has made the advancement [Crushing It]
[01:23:58] [Server thread/INFO]: [Donosom_: Teleported Donosom_ to -902.500000, 64.500000, 405.500000]
[01:24:05] [Server thread/INFO]: [Donosom_: Teleported Donosom_ to 17.500000, 122.500000, -14.500000]
[01:24:09] [Server thread/INFO]: [Not Secure] <criszz1> jaker
[01:24:15] [Server thread/INFO]: [Not Secure] <Donosom_> xd
[01:24:28] [Server thread/INFO]: [Not Secure] <Donosom_> nose donde estan mis perros
[01:24:37] [Server thread/INFO]: [Not Secure] <criszz1> pusha la wea :c
[01:26:09] [Server thread/INFO]: [Donosom_: Teleported Donosom_ to -902.500000, 64.500000, 405.500000]
[01:26:19] [Server thread/INFO]: Donosom_ has made the advancement [Isn't It Scute?]
[01:28:55] [Server thread/INFO]: Donosom_ has made the advancement [Surfer Rosa]
[01:35:55] [Server thread/INFO]: [Donosom_: Teleported Donosom_ to -1130.500000, 55.500000, 491.500000]
[01:47:49] [Server thread/INFO]: [Donosom_: Teleported Donosom_ to -150.500000, 78.500000, 82.500000]
[01:49:14] [Server thread/INFO]: [Donosom_: Teleported Donosom_ to -150.500000, 78.500000, 82.500000]
[01:49:22] [Server thread/INFO]: [Donosom_: Teleported Donosom_ to -7.500000, 84.500000, 7.500000]
[01:55:40] [Server thread/INFO]: Donosom_ has completed the challenge [Return to Sender]
[02:01:12] [Server thread/INFO]: [Donosom_: Teleported Donosom_ to -7.500000, 84.500000, 7.500000]
[02:02:42] [Server thread/INFO]: [Donosom_: Teleported Donosom_ to -150.500000, 78.500000, 82.500000]
[02:08:26] [Server thread/INFO]: [Donosom_: Teleported Donosom_ to -902.500000, 64.500000, 405.500000]
[02:09:03] [Server thread/INFO]: [Donosom_: Teleported Donosom_ to 17.500000, 122.500000, -14.500000]
[02:12:28] [Server thread/WARN]: criszz1 moved too quickly! -10.095289135558971,-0.16610926093821377,0.039053560506260965
[02:22:49] [Server thread/INFO]: [Donosom_: Teleported Donosom_ to 17.500000, 122.500000, -14.500000]
[02:30:30] [Server thread/INFO]: [Donosom_: Teleported Donosom_ to -902.500000, 64.500000, 405.500000]
[02:31:21] [Server thread/INFO]: [Donosom_: Teleported Donosom_ to 17.500000, 122.500000, -14.500000]
[02:36:23] [Server thread/INFO]: [Not Secure] <Donosom_> rompe paga
[02:36:26] [Server thread/INFO]: [Not Secure] <Donosom_> con la casa
[02:36:35] [Server thread/INFO]: [Not Secure] <criszz1> :"v
[02:36:49] [Server thread/INFO]: [Not Secure] <criszz1> wn te raidean
[02:37:01] [Server thread/INFO]: [Not Secure] <Donosom_> zzzzz
[02:37:24] [Server thread/INFO]: [Not Secure] <criszz1> te dropearon esta wea
[02:37:29] [Server thread/INFO]: [Not Secure] <Donosom_> bad ommen
[02:37:44] [Server thread/INFO]: [Not Secure] <Donosom_> queri hacer una raid?
[02:37:45] [Server thread/INFO]: [Not Secure] <Donosom_> xd
[02:37:54] [Server thread/INFO]: [Not Secure] <criszz1> quiero terminar mi casa primero
[02:37:59] [Server thread/INFO]: [Not Secure] <Donosom_> ´bu
[02:38:00] [Server thread/INFO]: [Not Secure] <Donosom_> ya
[02:38:01] [Server thread/INFO]: [Not Secure] <Donosom_> xd
[02:38:04] [Server thread/INFO]: [Not Secure] <criszz1> toi sin techo pipipi
[02:38:26] [Server thread/INFO]: [Not Secure] <Donosom_> que le haces a la casa del benja
[02:38:31] [Server thread/INFO]: [Not Secure] <Donosom_> owo
[02:38:37] [Server thread/INFO]: [Not Secure] <criszz1> le tapo el hoyo
[02:38:41] [Server thread/INFO]: [Not Secure] <Donosom_> a
[02:38:43] [Server thread/INFO]: [Not Secure] <Donosom_> aña
[02:44:58] [Server thread/INFO]: [Donosom_: Teleported Donosom_ to 17.500000, 122.500000, -14.500000]
[02:45:05] [Server thread/INFO]: [Donosom_: Teleported Donosom_ to -4.500000, 127.500000, 15.500000]
[02:46:42] [Server thread/INFO]: [Donosom_: Teleported Donosom_ to -4.500000, 127.500000, 15.500000]
[02:47:19] [Server thread/INFO]: [Donosom_: Teleported Donosom_ to -4.500000, 127.500000, 15.500000]
[02:48:37] [Server thread/INFO]: [Donosom_: Teleported Donosom_ to -902.500000, 64.500000, 405.500000]
[02:49:03] [Server thread/INFO]: [Not Secure] <criszz1> me quedó asimetrica la casa qlia
[02:49:07] [Server thread/INFO]: [Not Secure] <criszz1> por la xuxa
[02:49:08] [Server thread/INFO]: [Donosom_: Teleported Donosom_ to 17.500000, 122.500000, -14.500000]
[02:49:11] [Server thread/INFO]: [Not Secure] <Donosom_> wajaja
[02:51:52] [Server thread/INFO]: [Donosom_: Teleported Donosom_ to -4.500000, 127.500000, 15.500000]
[02:53:21] [Server thread/INFO]: [Donosom_: Teleported Donosom_ to 17.500000, 122.500000, -14.500000]
[02:54:25] [Server thread/INFO]: [Donosom_: Teleported Donosom_ to -4.500000, 127.500000, 15.500000]
[02:55:02] [Server thread/INFO]: [Donosom_: Teleported Donosom_ to 17.500000, 122.500000, -14.500000]
[02:55:30] [Server thread/INFO]: [Donosom_: Teleported Donosom_ to -4.500000, 127.500000, 15.500000]
[02:56:25] [Server thread/INFO]: [Donosom_: Teleported Donosom_ to 17.500000, 122.500000, -14.500000]
[02:56:59] [Server thread/INFO]: [Donosom_: Teleported Donosom_ to 17.500000, 122.500000, -14.500000]
[02:58:52] [Server thread/INFO]: [Not Secure] <Donosom_> regalo
[02:58:59] [Server thread/INFO]: [Not Secure] <criszz1> tankiu
[02:59:19] [Server thread/INFO]: [Donosom_: Teleported Donosom_ to -4.500000, 127.500000, 15.500000]
[03:00:05] [Server thread/INFO]: [Donosom_: Teleported Donosom_ to -902.500000, 64.500000, 405.500000]
[03:00:07] [Server thread/INFO]: [Donosom_: Teleported Donosom_ to 17.500000, 122.500000, -14.500000]
[03:02:42] [Server thread/INFO]: Donosom_ has made the advancement [Rotten to the Core]
[03:03:05] [Server thread/INFO]: [Donosom_: Teleported Donosom_ to 17.500000, 122.500000, -14.500000]
[03:03:30] [Server thread/INFO]: [Donosom_: Teleported Donosom_ to -4.500000, 127.500000, 15.500000]
[03:04:12] [Server thread/INFO]: [Donosom_: Teleported Donosom_ to 17.500000, 122.500000, -14.500000]
[03:05:16] [Server thread/INFO]: [Donosom_: Teleported Donosom_ to 17.500000, 122.500000, -14.500000]
[03:05:34] [Server thread/INFO]: [Donosom_: Teleported Donosom_ to -4.500000, 127.500000, 15.500000]
[03:05:40] [Server thread/WARN]: Rejecting UseItemOnPacket from Donosom_: Location (-12.405102729797363, 129.56976664066315, 23.625) too far away from hit block class_2338{x=-13, y=128, z=23}.
[03:05:48] [Server thread/INFO]: [Donosom_: Teleported Donosom_ to -902.500000, 64.500000, 405.500000]
[03:05:51] [Server thread/INFO]: [Donosom_: Teleported Donosom_ to 17.500000, 122.500000, -14.500000]
[03:07:02] [Server thread/INFO]: [Donosom_: Teleported Donosom_ to -4.500000, 127.500000, 15.500000]
[03:08:51] [Server thread/INFO]: [Donosom_: Teleported Donosom_ to 17.500000, 122.500000, -14.500000]
[03:09:19] [Server thread/INFO]: [Donosom_: Teleported Donosom_ to -4.500000, 127.500000, 15.500000]
[03:09:40] [Server thread/INFO]: Donosom_ has made the advancement [Stay Out of my Peripheral!]
[03:10:11] [Server thread/INFO]: [Donosom_: Teleported Donosom_ to 17.500000, 122.500000, -14.500000]
[03:18:33] [Server thread/INFO]: [Donosom_: Teleported Donosom_ to 17.500000, 122.500000, -14.500000]
[03:19:00] [Server thread/INFO]: [Donosom_: Teleported Donosom_ to -4.500000, 127.500000, 15.500000]
[03:19:11] [Server thread/INFO]: [Donosom_: Teleported Donosom_ to -4.500000, 127.500000, 15.500000]
[03:19:13] [Server thread/INFO]: [Donosom_: Teleported Donosom_ to 17.500000, 122.500000, -14.500000]
[03:19:17] [Server thread/INFO]: [Donosom_: Teleported Donosom_ to -4.500000, 127.500000, 15.500000]
[03:19:30] [Server thread/INFO]: [Donosom_: Teleported Donosom_ to 17.500000, 122.500000, -14.500000]
[03:19:54] [Server thread/INFO]: [Donosom_: Teleported Donosom_ to -4.500000, 127.500000, 15.500000]
[03:20:29] [Server thread/INFO]: [Donosom_: Teleported Donosom_ to 17.500000, 122.500000, -14.500000]
[03:29:26] [Server thread/INFO]: [Donosom_: Teleported Donosom_ to 17.500000, 122.500000, -14.500000]
[03:35:52] [Server thread/INFO]: [Not Secure] <criszz1> ia me boi
[03:35:54] [Server thread/INFO]: [Not Secure] <criszz1> chau
[03:35:56] [Server thread/INFO]: [Not Secure] <Donosom_> ueno
[03:35:58] [Server thread/INFO]: [Not Secure] <Donosom_> xhao
[03:36:03] [Server thread/INFO]: [Not Secure] <Donosom_> nos vimos
[03:36:03] [Server thread/INFO]: criszz1 lost connection: Disconnected
[03:36:03] [Server thread/INFO]: criszz1 left the game
[03:36:21] [Server thread/INFO]: [Donosom_: Set own game mode to Creative Mode]
[03:37:11] [Server thread/INFO]: [Donosom_: Set own game mode to Survival Mode]
[03:45:20] [Server thread/INFO]: [Donosom_: Set own game mode to Creative Mode]
[03:45:29] [Server thread/INFO]: [Donosom_: Successfully filled 15 block(s)]
[03:45:29] [Server thread/INFO]: [Donosom_: Successfully filled 16 block(s)]
[03:45:29] [Server thread/INFO]: [Donosom_: Successfully filled 3 block(s)]
[03:45:29] [Server thread/INFO]: [Donosom_: Successfully filled 1 block(s)]
[03:45:29] [Server thread/INFO]: [Donosom_: Successfully filled 9 block(s)]
[03:45:29] [Server thread/INFO]: [Donosom_: Successfully filled 192 block(s)]
[03:45:29] [Server thread/INFO]: [Donosom_: Successfully filled 4 block(s)]
[03:45:29] [Server thread/INFO]: [Donosom_: Successfully filled 36 block(s)]
[03:45:29] [Server thread/INFO]: [Donosom_: Successfully filled 18 block(s)]
[03:45:29] [Server thread/INFO]: [Donosom_: Successfully filled 9 block(s)]
[03:45:29] [Server thread/INFO]: [Donosom_: Successfully filled 2 block(s)]
[03:45:29] [Server thread/INFO]: [Donosom_: Successfully filled 1 block(s)]
[03:45:29] [Server thread/INFO]: [Donosom_: Successfully filled 9 block(s)]
[03:45:29] [Server thread/INFO]: [Donosom_: Successfully filled 9 block(s)]
[03:45:29] [Server thread/INFO]: [Donosom_: Successfully filled 18 block(s)]
[03:45:29] [Server thread/INFO]: [Donosom_: Successfully filled 36 block(s)]
[03:45:29] [Server thread/INFO]: [Donosom_: Successfully filled 4 block(s)]
[03:45:29] [Server thread/INFO]: [Donosom_: Successfully filled 36 block(s)]
[03:45:29] [Server thread/INFO]: [Donosom_: Successfully filled 1 block(s)]
[03:45:29] [Server thread/INFO]: [Donosom_: Successfully filled 1 block(s)]
[03:45:29] [Server thread/INFO]: [Donosom_: Successfully filled 1 block(s)]
[03:45:29] [Server thread/INFO]: [Donosom_: Successfully filled 1 block(s)]
[03:45:29] [Server thread/INFO]: [Donosom_: Successfully filled 1 block(s)]
[03:45:29] [Server thread/INFO]: [Donosom_: Successfully filled 1 block(s)]
[03:45:29] [Server thread/INFO]: [Donosom_: Successfully filled 1 block(s)]
[03:45:29] [Server thread/INFO]: [Donosom_: Successfully filled 1 block(s)]
[03:45:29] [Server thread/INFO]: [Donosom_: Successfully filled 1 block(s)]
[03:45:29] [Server thread/INFO]: [Donosom_: Successfully filled 1 block(s)]
[03:45:29] [Server thread/INFO]: [Donosom_: Successfully filled 4 block(s)]
[03:45:29] [Server thread/INFO]: [Donosom_: Successfully filled 1 block(s)]
[03:45:29] [Server thread/INFO]: [Donosom_: Successfully filled 4 block(s)]
[03:45:29] [Server thread/INFO]: [Donosom_: Successfully filled 1 block(s)]
[03:45:29] [Server thread/INFO]: [Donosom_: Successfully filled 1 block(s)]
[03:45:29] [Server thread/INFO]: [Donosom_: Successfully filled 1 block(s)]
[03:45:29] [Server thread/INFO]: [Donosom_: Successfully filled 10 block(s)]
[03:45:29] [Server thread/INFO]: [Donosom_: Successfully filled 4 block(s)]
[03:45:29] [Server thread/INFO]: [Donosom_: Successfully filled 1 block(s)]
[03:45:29] [Server thread/INFO]: [Donosom_: Successfully filled 6 block(s)]
[03:45:29] [Server thread/INFO]: [Donosom_: Successfully filled 1 block(s)]
[03:45:29] [Server thread/INFO]: [Donosom_: Successfully filled 4 block(s)]
[03:45:29] [Server thread/INFO]: [Donosom_: Successfully filled 16 block(s)]
[03:45:29] [Server thread/INFO]: [Donosom_: Successfully filled 6 block(s)]
[03:45:29] [Server thread/INFO]: [Donosom_: Successfully filled 1 block(s)]
[03:45:29] [Server thread/INFO]: [Donosom_: Successfully filled 6 block(s)]
[03:45:29] [Server thread/INFO]: [Donosom_: Successfully filled 6 block(s)]
[03:45:29] [Server thread/INFO]: [Donosom_: Successfully filled 1 block(s)]
[03:45:29] [Server thread/INFO]: [Donosom_: Successfully filled 1 block(s)]
[03:45:29] [Server thread/INFO]: [Donosom_: Successfully filled 1 block(s)]
[03:45:29] [Server thread/INFO]: [Donosom_: Successfully filled 1 block(s)]
[03:45:29] [Server thread/INFO]: [Donosom_: Successfully filled 3 block(s)]
[03:45:29] [Server thread/INFO]: [Donosom_: Successfully filled 5 block(s)]
[03:45:29] [Server thread/INFO]: [Donosom_: Successfully filled 1 block(s)]
[03:45:29] [Server thread/INFO]: [Donosom_: Successfully filled 1 block(s)]
[03:45:29] [Server thread/INFO]: [Donosom_: Successfully filled 1 block(s)]
[03:45:29] [Server thread/INFO]: [Donosom_: Successfully filled 3 block(s)]
[03:45:29] [Server thread/INFO]: [Donosom_: Successfully filled 5 block(s)]
[03:45:29] [Server thread/INFO]: [Donosom_: Successfully filled 9 block(s)]
[03:45:29] [Server thread/INFO]: [Donosom_: Successfully filled 1 block(s)]
[03:45:29] [Server thread/INFO]: [Donosom_: Successfully filled 9 block(s)]
[03:45:29] [Server thread/INFO]: [Donosom_: Successfully filled 9 block(s)]
[03:45:29] [Server thread/INFO]: [Donosom_: Successfully filled 1 block(s)]
[03:45:29] [Server thread/INFO]: [Donosom_: Successfully filled 1 block(s)]
[03:45:29] [Server thread/INFO]: [Donosom_: Successfully filled 1 block(s)]
[03:45:29] [Server thread/INFO]: [Donosom_: Successfully filled 1 block(s)]
[03:45:29] [Server thread/INFO]: [Donosom_: Successfully filled 1 block(s)]
[03:45:29] [Server thread/INFO]: [Donosom_: Successfully filled 1 block(s)]
[03:45:29] [Server thread/INFO]: [Donosom_: Successfully filled 2 block(s)]
[03:45:29] [Server thread/INFO]: [Donosom_: Successfully filled 1 block(s)]
[03:45:29] [Server thread/INFO]: [Donosom_: Successfully filled 1 block(s)]
[03:45:29] [Server thread/INFO]: [Donosom_: Successfully filled 10 block(s)]
[03:45:29] [Server thread/INFO]: [Donosom_: Successfully filled 12 block(s)]
[03:45:29] [Server thread/INFO]: [Donosom_: Successfully filled 4 block(s)]
[03:45:29] [Server thread/INFO]: [Donosom_: Successfully filled 1 block(s)]
[03:45:30] [Server thread/INFO]: [Donosom_: Successfully filled 2 block(s)]
[03:45:30] [Server thread/INFO]: [Donosom_: Successfully filled 4 block(s)]
[03:45:30] [Server thread/INFO]: [Donosom_: Successfully filled 2 block(s)]
[03:45:30] [Server thread/INFO]: [Donosom_: Successfully filled 1 block(s)]
[03:45:30] [Server thread/INFO]: [Donosom_: Successfully filled 2 block(s)]
[03:45:30] [Server thread/INFO]: [Donosom_: Successfully filled 2 block(s)]
[03:45:30] [Server thread/INFO]: [Donosom_: Successfully filled 4 block(s)]
[03:45:30] [Server thread/INFO]: [Donosom_: Successfully filled 18 block(s)]
[03:45:30] [Server thread/INFO]: [Donosom_: Successfully filled 12 block(s)]
[03:45:30] [Server thread/INFO]: [Donosom_: Successfully filled 1 block(s)]
[03:45:30] [Server thread/INFO]: [Donosom_: Successfully filled 1 block(s)]
[03:45:30] [Server thread/INFO]: [Donosom_: Successfully filled 5 block(s)]
[03:45:30] [Server thread/INFO]: [Donosom_: Successfully filled 1 block(s)]
[03:45:30] [Server thread/INFO]: [Donosom_: Successfully filled 3 block(s)]
[03:45:30] [Server thread/INFO]: [Donosom_: Successfully filled 2 block(s)]
[03:45:30] [Server thread/INFO]: [Donosom_: Successfully filled 1 block(s)]
[03:45:30] [Server thread/INFO]: [Donosom_: Successfully filled 3 block(s)]
[03:45:30] [Server thread/INFO]: [Donosom_: Successfully filled 27 block(s)]
[03:45:30] [Server thread/INFO]: [Donosom_: Successfully filled 36 block(s)]
[03:45:30] [Server thread/INFO]: [Donosom_: Successfully filled 2 block(s)]
[03:45:30] [Server thread/INFO]: [Donosom_: Successfully filled 2 block(s)]
[03:45:30] [Server thread/INFO]: [Donosom_: Successfully filled 2 block(s)]
[03:45:30] [Server thread/INFO]: [Donosom_: Successfully filled 9 block(s)]
[03:45:30] [Server thread/INFO]: [Donosom_: Successfully filled 6 block(s)]
[03:45:30] [Server thread/INFO]: [Donosom_: Successfully filled 3 block(s)]
[03:45:30] [Server thread/INFO]: [Donosom_: Successfully filled 6 block(s)]
[03:45:30] [Server thread/INFO]: [Donosom_: Successfully filled 3 block(s)]
[03:45:30] [Server thread/INFO]: [Donosom_: Successfully filled 2 block(s)]
[03:45:30] [Server thread/INFO]: [Donosom_: Successfully filled 2 block(s)]
[03:45:30] [Server thread/INFO]: [Donosom_: Successfully filled 12 block(s)]
[03:45:30] [Server thread/INFO]: [Donosom_: Successfully filled 6 block(s)]
[03:45:30] [Server thread/INFO]: [Donosom_: Successfully filled 3 block(s)]
[03:45:30] [Server thread/INFO]: [Donosom_: Successfully filled 3 block(s)]
[03:45:30] [Server thread/INFO]: [Donosom_: Successfully filled 2 block(s)]
[03:45:30] [Server thread/INFO]: [Donosom_: Successfully filled 1 block(s)]
[03:45:30] [Server thread/INFO]: [Donosom_: Successfully filled 3 block(s)]
[03:45:30] [Server thread/INFO]: [Donosom_: Successfully filled 3 block(s)]
[03:45:30] [Server thread/INFO]: [Donosom_: Successfully filled 1 block(s)]
[03:45:30] [Server thread/INFO]: [Donosom_: Successfully filled 6 block(s)]
[03:45:30] [Server thread/INFO]: [Donosom_: Successfully filled 6 block(s)]
[03:45:30] [Server thread/INFO]: [Donosom_: Successfully filled 7 block(s)]
[03:45:30] [Server thread/INFO]: [Donosom_: Successfully filled 112 block(s)]
[03:45:30] [Server thread/INFO]: [Donosom_: Successfully filled 2 block(s)]
[03:45:30] [Server thread/INFO]: [Donosom_: Successfully filled 28 block(s)]
[03:45:30] [Server thread/INFO]: [Donosom_: Successfully filled 6 block(s)]
[03:45:30] [Server thread/INFO]: [Donosom_: Successfully filled 14 block(s)]
[03:45:30] [Server thread/INFO]: [Donosom_: Successfully filled 1 block(s)]
[03:45:30] [Server thread/INFO]: [Donosom_: Successfully filled 1 block(s)]
[03:45:30] [Server thread/INFO]: [Donosom_: Successfully filled 8 block(s)]
[03:45:30] [Server thread/INFO]: [Donosom_: Successfully filled 7 block(s)]
[03:45:30] [Server thread/INFO]: [Donosom_: Successfully filled 1 block(s)]
[03:45:30] [Server thread/INFO]: [Donosom_: Successfully filled 7 block(s)]
[03:45:30] [Server thread/INFO]: [Donosom_: Successfully filled 7 block(s)]
[03:45:30] [Server thread/INFO]: [Donosom_: Successfully filled 6 block(s)]
[03:45:30] [Server thread/INFO]: [Donosom_: Successfully filled 14 block(s)]
[03:45:30] [Server thread/INFO]: [Donosom_: Successfully filled 28 block(s)]
[03:45:30] [Server thread/INFO]: [Donosom_: Successfully filled 12 block(s)]
[03:45:30] [Server thread/INFO]: [Donosom_: Successfully filled 4 block(s)]
[03:45:30] [Server thread/INFO]: [Donosom_: Successfully filled 4 block(s)]
[03:45:30] [Server thread/INFO]: [Donosom_: Successfully filled 12 block(s)]
[03:45:30] [Server thread/INFO]: [Donosom_: Successfully filled 2 block(s)]
[03:45:30] [Server thread/INFO]: [Donosom_: Successfully filled 28 block(s)]
[03:45:30] [Server thread/INFO]: [Donosom_: Successfully filled 6 block(s)]
[03:45:30] [Server thread/INFO]: [Donosom_: Successfully filled 2 block(s)]
[03:45:30] [Server thread/INFO]: [Donosom_: Successfully filled 1 block(s)]
[03:45:30] [Server thread/INFO]: [Donosom_: Successfully filled 2 block(s)]
[03:45:30] [Server thread/INFO]: [Donosom_: Successfully filled 2 block(s)]
[03:45:30] [Server thread/INFO]: [Donosom_: Successfully filled 8 block(s)]
[03:45:30] [Server thread/INFO]: [Donosom_: Successfully filled 1 block(s)]
[03:45:30] [Server thread/INFO]: [Donosom_: Successfully filled 4 block(s)]
[03:45:30] [Server thread/INFO]: [Donosom_: Successfully filled 2 block(s)]
[03:45:30] [Server thread/INFO]: [Donosom_: Successfully filled 2 block(s)]
[03:45:30] [Server thread/INFO]: [Donosom_: Successfully filled 2 block(s)]
[03:45:30] [Server thread/INFO]: [Donosom_: Successfully filled 2 block(s)]
[03:45:30] [Server thread/INFO]: [Donosom_: Successfully filled 1 block(s)]
[03:45:30] [Server thread/INFO]: [Donosom_: Successfully filled 1 block(s)]
[03:45:30] [Server thread/INFO]: [Donosom_: Successfully filled 1 block(s)]
[03:45:30] [Server thread/INFO]: [Donosom_: Successfully filled 1 block(s)]
[03:45:30] [Server thread/INFO]: [Donosom_: Successfully filled 1 block(s)]
[03:45:30] [Server thread/INFO]: [Donosom_: Successfully filled 1 block(s)]
[03:45:30] [Server thread/INFO]: [Donosom_: Successfully filled 1 block(s)]
[03:45:30] [Server thread/INFO]: [Donosom_: Successfully filled 1 block(s)]
[03:45:30] [Server thread/INFO]: [Donosom_: Successfully filled 4 block(s)]
[03:45:30] [Server thread/INFO]: [Donosom_: Successfully filled 3 block(s)]
[03:45:30] [Server thread/INFO]: [Donosom_: Successfully filled 8 block(s)]
[03:45:30] [Server thread/INFO]: [Donosom_: Successfully filled 1 block(s)]
[03:45:30] [Server thread/INFO]: [Donosom_: Successfully filled 4 block(s)]
[03:45:30] [Server thread/INFO]: [Donosom_: Successfully filled 1 block(s)]
[03:45:30] [Server thread/INFO]: [Donosom_: Successfully filled 5 block(s)]
[03:45:30] [Server thread/INFO]: [Donosom_: Successfully filled 2 block(s)]
[03:45:30] [Server thread/INFO]: [Donosom_: Successfully filled 1 block(s)]
[03:45:30] [Server thread/INFO]: [Donosom_: Successfully filled 1 block(s)]
[03:45:30] [Server thread/INFO]: [Donosom_: Successfully filled 15 block(s)]
[03:45:30] [Server thread/INFO]: [Donosom_: Successfully filled 16 block(s)]
[03:45:30] [Server thread/INFO]: [Donosom_: Successfully filled 3 block(s)]
[03:45:30] [Server thread/INFO]: [Donosom_: Successfully filled 1 block(s)]
[03:45:30] [Server thread/INFO]: [Donosom_: Successfully filled 1 block(s)]
[03:45:30] [Server thread/INFO]: [Donosom_: Successfully filled 3 block(s)]
[03:45:30] [Server thread/INFO]: [Donosom_: Successfully filled 2 block(s)]
[03:45:30] [Server thread/INFO]: [Donosom_: Successfully filled 2 block(s)]
[03:45:30] [Server thread/INFO]: [Donosom_: Successfully filled 2 block(s)]
[03:45:30] [Server thread/INFO]: [Donosom_: Successfully filled 6 block(s)]
[03:45:30] [Server thread/INFO]: [Donosom_: Successfully filled 3 block(s)]
[03:45:30] [Server thread/INFO]: [Donosom_: Successfully filled 6 block(s)]
[03:45:30] [Server thread/INFO]: [Donosom_: Successfully filled 3 block(s)]
[03:45:30] [Server thread/INFO]: [Donosom_: Successfully filled 9 block(s)]
[03:45:30] [Server thread/INFO]: [Donosom_: Successfully filled 2 block(s)]
[03:45:30] [Server thread/INFO]: [Donosom_: Successfully filled 12 block(s)]
[03:45:30] [Server thread/INFO]: [Donosom_: Successfully filled 2 block(s)]
[03:45:30] [Server thread/INFO]: [Donosom_: Successfully filled 1 block(s)]
[03:45:30] [Server thread/INFO]: [Donosom_: Successfully filled 6 block(s)]
[03:45:30] [Server thread/INFO]: [Donosom_: Successfully filled 21 block(s)]
[03:45:30] [Server thread/INFO]: [Donosom_: Successfully filled 21 block(s)]
[03:45:30] [Server thread/INFO]: [Donosom_: Successfully filled 9 block(s)]
[03:45:30] [Server thread/INFO]: [Donosom_: Successfully filled 6 block(s)]
[03:45:30] [Server thread/INFO]: [Donosom_: Successfully filled 3 block(s)]
[03:45:30] [Server thread/INFO]: [Donosom_: Successfully filled 6 block(s)]
[03:45:30] [Server thread/INFO]: [Donosom_: Successfully filled 3 block(s)]
[03:45:30] [Server thread/INFO]: [Donosom_: Successfully filled 2 block(s)]
[03:45:30] [Server thread/INFO]: [Donosom_: Successfully filled 2 block(s)]
[03:45:30] [Server thread/INFO]: [Donosom_: Successfully filled 2 block(s)]
[03:45:30] [Server thread/INFO]: [Donosom_: Successfully filled 3 block(s)]
[03:45:30] [Server thread/INFO]: [Donosom_: Successfully filled 1 block(s)]
[03:45:30] [Server thread/INFO]: [Donosom_: Successfully filled 1 block(s)]
[03:45:30] [Server thread/INFO]: [Donosom_: Successfully filled 3 block(s)]
[03:45:30] [Server thread/INFO]: [Donosom_: Successfully filled 2 block(s)]
[03:45:30] [Server thread/WARN]: Tried to add entity minecraft:item but it was marked as removed already
[03:45:30] [Server thread/INFO]: [Donosom_: Summoned new Air]
[03:45:30] [Server thread/INFO]: [Donosom_: Successfully filled 6 block(s)]
[03:45:30] [Server thread/INFO]: [Donosom_: Successfully filled 6 block(s)]
[03:45:30] [Server thread/INFO]: [Donosom_: Successfully filled 3 block(s)]
[03:45:30] [Server thread/INFO]: [Donosom_: Successfully filled 6 block(s)]
[03:45:30] [Server thread/INFO]: [Donosom_: Successfully filled 3 block(s)]
[03:45:30] [Server thread/INFO]: [Donosom_: Successfully filled 9 block(s)]
[03:45:30] [Server thread/INFO]: [Donosom_: Successfully filled 2 block(s)]
[03:45:30] [Server thread/INFO]: [Donosom_: Successfully filled 2 block(s)]
[03:45:30] [Server thread/INFO]: [Donosom_: Successfully filled 3 block(s)]
[03:45:30] [Server thread/INFO]: [Donosom_: Successfully filled 2 block(s)]
[03:45:30] [Server thread/INFO]: [Donosom_: Successfully filled 1 block(s)]
[03:54:51] [Server thread/INFO]: [Donosom_: Successfully filled 889 block(s)]
[03:56:07] [Server thread/INFO]: [Donosom_: Successfully filled 2527 block(s)]
[03:57:19] [Server thread/INFO]: [Donosom_: Set the time to 1000]
[03:59:14] [Server thread/INFO]: [Donosom_: Successfully filled 1391 block(s)]
[03:59:18] [Server thread/INFO]: Villager class_1646['Unemployed'/103501, l='ServerLevel[world]', x=34.50, y=115.00, z=70.51] died, message: 'Unemployed was slain by Donosom_'
[03:59:20] [Server thread/INFO]: Villager class_1646['Unemployed'/103502, l='ServerLevel[world]', x=43.05, y=115.00, z=76.28] died, message: 'Unemployed was slain by Donosom_'
[03:59:21] [Server thread/INFO]: Villager class_1646['Unemployed'/103498, l='ServerLevel[world]', x=45.37, y=115.00, z=78.49] died, message: 'Unemployed was slain by Donosom_'
[03:59:23] [Server thread/INFO]: Villager class_1646['Unemployed'/103500, l='ServerLevel[world]', x=44.98, y=115.00, z=77.02] died, message: 'Unemployed was slain by Donosom_'
[03:59:26] [Server thread/INFO]: Villager class_1646['Unemployed'/103497, l='ServerLevel[world]', x=34.88, y=115.00, z=91.28] died, message: 'Unemployed was slain by Donosom_'
[03:59:28] [Server thread/INFO]: Villager class_1646['Unemployed'/103389, l='ServerLevel[world]', x=44.09, y=115.00, z=96.94] died, message: 'Unemployed was slain by Donosom_'
[03:59:30] [Server thread/INFO]: Villager class_1646['Unemployed'/103392, l='ServerLevel[world]', x=49.53, y=115.00, z=88.35] died, message: 'Unemployed was slain by Donosom_'
[03:59:36] [Server thread/INFO]: Villager class_1646['Unemployed'/103492, l='ServerLevel[world]', x=40.84, y=115.00, z=91.16] died, message: 'Unemployed was slain by Donosom_'
[03:59:39] [Server thread/INFO]: Villager class_1646['Unemployed'/106471, l='ServerLevel[world]', x=34.62, y=115.00, z=79.92] died, message: 'Unemployed was slain by Donosom_'
[03:59:41] [Server thread/INFO]: Villager class_1646['Unemployed'/106538, l='ServerLevel[world]', x=33.52, y=115.00, z=76.77] died, message: 'Unemployed was slain by Donosom_'
[03:59:43] [Server thread/INFO]: Villager class_1646['Unemployed'/106394, l='ServerLevel[world]', x=34.50, y=115.00, z=80.10] died, message: 'Unemployed was slain by Donosom_'
[04:00:23] [Server thread/INFO]: [Donosom_: Set own game mode to Survival Mode]
